<?xml version="1.0" encoding="UTF-8"?>
<testsuite xmlns:xsi="http://www.w3.org/2001/XMLSchema-instance" xsi:noNamespaceSchemaLocation="https://maven.apache.org/surefire/maven-surefire-plugin/xsd/surefire-test-report.xsd" name="com.sustavov.bookdealer.jpa.BookJpaTest" time="0.271" tests="5" errors="0" skipped="0" failures="0">
  <properties>
[...]
</properties>
  <testcase name="shouldUpdateBook" classname="com.sustavov.bookdealer.jpa.BookJpaTest" time="0.013"/>
  <testcase name="shouldFindBookByAuthor" classname="com.sustavov.bookdealer.jpa.BookJpaTest" time="0.011"/>
  <testcase name="shouldCreateBook" classname="com.sustavov.bookdealer.jpa.BookJpaTest" time="0.006"/>
  <testcase name="shouldDeleteBook" classname="com.sustavov.bookdealer.jpa.BookJpaTest" time="0.016"/>
  <testcase name="shouldGetEmptyBook" classname="com.sustavov.bookdealer.jpa.BookJpaTest" time="0.008"/>
</testsuite>